# JRE version: OpenJDK Runtime Environment (8.0_242-b01) (build 1.8.0_242-release-1644-b01)
# Java VM: OpenJDK 64-Bit Server VM (25.242-b01 mixed mode windows-amd64 compressed oops)
Heap:
 PSYoungGen      total 77312K, used 8497K [0x00000000d5580000, 0x00000000dad00000, 0x0000000100000000)
  eden space 70144K, 1% used [0x00000000d5580000,0x00000000d56d39f8,0x00000000d9a00000)
  from space 7168K, 99% used [0x00000000da300000,0x00000000da9f8d00,0x00000000daa00000)
  to   space 9216K, 0% used [0x00000000d9a00000,0x00000000d9a00000,0x00000000da300000)
 ParOldGen       total 61952K, used 18813K [0x0000000080000000, 0x0000000083c80000, 0x00000000d5580000)
  object space 61952K, 30% used [0x0000000080000000,0x000000008125f6c0,0x0000000083c80000)
 Metaspace       used 43504K, capacity 45136K, committed 45480K, reserved 1089536K
  class space    used 5877K, capacity 6251K, committed 6312K, reserved 1048576K
GC Heap History (10 events):
Event: 46.342 GC heap before
{Heap before GC invocations=14 (full 1):
 PSYoungGen      total 58880K, used 58868K [0x00000000d5580000, 0x00000000d9780000, 0x0000000100000000)
  eden space 52736K, 100% used [0x00000000d5580000,0x00000000d8900000,0x00000000d8900000)
  from space 6144K, 99% used [0x00000000d9000000,0x00000000d95fd208,0x00000000d9600000)
  to   space 7168K, 0% used [0x00000000d8900000,0x00000000d8900000,0x00000000d9000000)
 ParOldGen       total 36352K, used 9304K [0x0000000080000000, 0x0000000082380000, 0x00000000d5580000)
  object space 36352K, 25% used [0x0000000080000000,0x0000000080916020,0x0000000082380000)
 Metaspace       used 33131K, capacity 34208K, committed 34480K, reserved 1079296K
  class space    used 4476K, capacity 4746K, committed 4784K, reserved 1048576K
Event: 46.409 GC heap after
Heap after GC invocations=14 (full 1):
 PSYoungGen      total 59904K, used 4552K [0x00000000d5580000, 0x00000000d9e80000, 0x0000000100000000)
  eden space 52736K, 0% used [0x00000000d5580000,0x00000000d5580000,0x00000000d8900000)
  from space 7168K, 63% used [0x00000000d8900000,0x00000000d8d72370,0x00000000d9000000)
  to   space 7168K, 0% used [0x00000000d9780000,0x00000000d9780000,0x00000000d9e80000)
 ParOldGen       total 36352K, used 13354K [0x0000000080000000, 0x0000000082380000, 0x00000000d5580000)
  object space 36352K, 36% used [0x0000000080000000,0x0000000080d0a988,0x0000000082380000)
 Metaspace       used 33131K, capacity 34208K, committed 34480K, reserved 1079296K
  class space    used 4476K, capacity 4746K, committed 4784K, reserved 1048576K
}
Event: 50.412 GC heap before
{Heap before GC invocations=15 (full 1):
 PSYoungGen      total 59904K, used 29465K [0x00000000d5580000, 0x00000000d9e80000, 0x0000000100000000)
  eden space 52736K, 47% used [0x00000000d5580000,0x00000000d6dd4150,0x00000000d8900000)
  from space 7168K, 63% used [0x00000000d8900000,0x00000000d8d72370,0x00000000d9000000)
  to   space 7168K, 0% used [0x00000000d9780000,0x00000000d9780000,0x00000000d9e80000)
 ParOldGen       total 36352K, used 13354K [0x0000000080000000, 0x0000000082380000, 0x00000000d5580000)
  object space 36352K, 36% used [0x0000000080000000,0x0000000080d0a988,0x0000000082380000)
 Metaspace       used 34383K, capacity 35398K, committed 35496K, reserved 1079296K
  class space    used 4684K, capacity 4946K, committed 5032K, reserved 1048576K
Event: 50.542 GC heap after
Heap after GC invocations=15 (full 1):
 PSYoungGen      total 67584K, used 5200K [0x00000000d5580000, 0x00000000da180000, 0x0000000100000000)
  eden space 60416K, 0% used [0x00000000d5580000,0x00000000d5580000,0x00000000d9080000)
  from space 7168K, 72% used [0x00000000d9780000,0x00000000d9c941b8,0x00000000d9e80000)
  to   space 7168K, 0% used [0x00000000d9080000,0x00000000d9080000,0x00000000d9780000)
 ParOldGen       total 36352K, used 13362K [0x0000000080000000, 0x0000000082380000, 0x00000000d5580000)
  object space 36352K, 36% used [0x0000000080000000,0x0000000080d0c988,0x0000000082380000)
 Metaspace       used 34383K, capacity 35398K, committed 35496K, reserved 1079296K
  class space    used 4684K, capacity 4946K, committed 5032K, reserved 1048576K
}
Event: 50.542 GC heap before
{Heap before GC invocations=16 (full 2):
 PSYoungGen      total 67584K, used 5200K [0x00000000d5580000, 0x00000000da180000, 0x0000000100000000)
  eden space 60416K, 0% used [0x00000000d5580000,0x00000000d5580000,0x00000000d9080000)
  from space 7168K, 72% used [0x00000000d9780000,0x00000000d9c941b8,0x00000000d9e80000)
  to   space 7168K, 0% used [0x00000000d9080000,0x00000000d9080000,0x00000000d9780000)
 ParOldGen       total 36352K, used 13362K [0x0000000080000000, 0x0000000082380000, 0x00000000d5580000)
  object space 36352K, 36% used [0x0000000080000000,0x0000000080d0c988,0x0000000082380000)
 Metaspace       used 34383K, capacity 35398K, committed 35496K, reserved 1079296K
  class space    used 4684K, capacity 4946K, committed 5032K, reserved 1048576K
Event: 51.059 GC heap after
Heap after GC invocations=16 (full 2):
 PSYoungGen      total 67584K, used 0K [0x00000000d5580000, 0x00000000da180000, 0x0000000100000000)
  eden space 60416K, 0% used [0x00000000d5580000,0x00000000d5580000,0x00000000d9080000)
  from space 7168K, 0% used [0x00000000d9780000,0x00000000d9780000,0x00000000d9e80000)
  to   space 7168K, 0% used [0x00000000d9080000,0x00000000d9080000,0x00000000d9780000)
 ParOldGen       total 61952K, used 16319K [0x0000000080000000, 0x0000000083c80000, 0x00000000d5580000)
  object space 61952K, 26% used [0x0000000080000000,0x0000000080fefc38,0x0000000083c80000)
 Metaspace       used 34383K, capacity 35398K, committed 35496K, reserved 1079296K
  class space    used 4684K, capacity 4946K, committed 5032K, reserved 1048576K
}
Event: 56.908 GC heap before
{Heap before GC invocations=17 (full 2):
 PSYoungGen      total 67584K, used 60416K [0x00000000d5580000, 0x00000000da180000, 0x0000000100000000)
  eden space 60416K, 100% used [0x00000000d5580000,0x00000000d9080000,0x00000000d9080000)
  from space 7168K, 0% used [0x00000000d9780000,0x00000000d9780000,0x00000000d9e80000)
  to   space 7168K, 0% used [0x00000000d9080000,0x00000000d9080000,0x00000000d9780000)
 ParOldGen       total 61952K, used 16319K [0x0000000080000000, 0x0000000083c80000, 0x00000000d5580000)
  object space 61952K, 26% used [0x0000000080000000,0x0000000080fefc38,0x0000000083c80000)
 Metaspace       used 36808K, capacity 38144K, committed 38440K, reserved 1083392K
  class space    used 5060K, capacity 5369K, committed 5416K, reserved 1048576K
Event: 56.923 GC heap after
Heap after GC invocations=17 (full 2):
 PSYoungGen      total 67584K, used 4988K [0x00000000d5580000, 0x00000000daa00000, 0x0000000100000000)
  eden space 60416K, 0% used [0x00000000d5580000,0x00000000d5580000,0x00000000d9080000)
  from space 7168K, 69% used [0x00000000d9080000,0x00000000d955f0b8,0x00000000d9780000)
  to   space 7168K, 0% used [0x00000000da300000,0x00000000da300000,0x00000000daa00000)
 ParOldGen       total 61952K, used 16327K [0x0000000080000000, 0x0000000083c80000, 0x00000000d5580000)
  object space 61952K, 26% used [0x0000000080000000,0x0000000080ff1c38,0x0000000083c80000)
 Metaspace       used 36808K, capacity 38144K, committed 38440K, reserved 1083392K
  class space    used 5060K, capacity 5369K, committed 5416K, reserved 1048576K
}
Event: 65.404 GC heap before
{Heap before GC invocations=18 (full 2):
 PSYoungGen      total 67584K, used 65404K [0x00000000d5580000, 0x00000000daa00000, 0x0000000100000000)
  eden space 60416K, 100% used [0x00000000d5580000,0x00000000d9080000,0x00000000d9080000)
  from space 7168K, 69% used [0x00000000d9080000,0x00000000d955f0b8,0x00000000d9780000)
  to   space 7168K, 0% used [0x00000000da300000,0x00000000da300000,0x00000000daa00000)
 ParOldGen       total 61952K, used 16327K [0x0000000080000000, 0x0000000083c80000, 0x00000000d5580000)
  object space 61952K, 26% used [0x0000000080000000,0x0000000080ff1c38,0x0000000083c80000)
 Metaspace       used 43368K, capacity 44970K, committed 45224K, reserved 1087488K
  class space    used 5856K, capacity 6218K, committed 6312K, reserved 1048576K
Event: 65.452 GC heap after
Heap after GC invocations=18 (full 2):
 PSYoungGen      total 77312K, used 7139K [0x00000000d5580000, 0x00000000dad00000, 0x0000000100000000)
  eden space 70144K, 0% used [0x00000000d5580000,0x00000000d5580000,0x00000000d9a00000)
  from space 7168K, 99% used [0x00000000da300000,0x00000000da9f8d00,0x00000000daa00000)
  to   space 9216K, 0% used [0x00000000d9a00000,0x00000000d9a00000,0x00000000da300000)
 ParOldGen       total 61952K, used 18813K [0x0000000080000000, 0x0000000083c80000, 0x00000000d5580000)
  object space 61952K, 30% used [0x0000000080000000,0x000000008125f6c0,0x0000000083c80000)
 Metaspace       used 43368K, capacity 44970K, committed 45224K, reserved 1087488K
  class space    used 5856K, capacity 6218K, committed 6312K, reserved 1048576K
}

