# JRE version: OpenJDK Runtime Environment (8.0_242-b01) (build 1.8.0_242-release-1644-b01)
# Java VM: OpenJDK 64-Bit Server VM (25.242-b01 mixed mode windows-amd64 compressed oops)
Heap:
 PSYoungGen      total 599552K, used 93946K [0x00000000d5580000, 0x0000000100000000, 0x0000000100000000)
  eden space 495104K, 12% used [0x00000000d5580000,0x00000000d9254670,0x00000000f3900000)
  from space 104448K, 30% used [0x00000000f9a00000,0x00000000fb8ea378,0x0000000100000000)
  to   space 99328K, 0% used [0x00000000f3900000,0x00000000f3900000,0x00000000f9a00000)
 ParOldGen       total 263168K, used 164493K [0x0000000080000000, 0x0000000090100000, 0x00000000d5580000)
  object space 263168K, 62% used [0x0000000080000000,0x000000008a0a3798,0x0000000090100000)
 Metaspace       used 106830K, capacity 112740K, committed 113064K, reserved 1146880K
  class space    used 13805K, capacity 14937K, committed 15016K, reserved 1048576K
GC Heap History (10 events):
Event: 1308.693 GC heap before
{Heap before GC invocations=27 (full 5):
 PSYoungGen      total 410112K, used 347648K [0x00000000d5580000, 0x00000000fa380000, 0x0000000100000000)
  eden space 347648K, 100% used [0x00000000d5580000,0x00000000ea900000,0x00000000ea900000)
  from space 62464K, 0% used [0x00000000ea900000,0x00000000ea900000,0x00000000ee600000)
  to   space 89600K, 0% used [0x00000000f4c00000,0x00000000f4c00000,0x00000000fa380000)
 ParOldGen       total 263168K, used 147725K [0x0000000080000000, 0x0000000090100000, 0x00000000d5580000)
  object space 263168K, 56% used [0x0000000080000000,0x0000000089043550,0x0000000090100000)
 Metaspace       used 105144K, capacity 110294K, committed 110888K, reserved 1144832K
  class space    used 13666K, capacity 14682K, committed 14888K, reserved 1048576K
Event: 1308.888 GC heap after
Heap after GC invocations=27 (full 5):
 PSYoungGen      total 498176K, used 57887K [0x00000000d5580000, 0x00000000f9f80000, 0x0000000100000000)
  eden space 412672K, 0% used [0x00000000d5580000,0x00000000d5580000,0x00000000ee880000)
  from space 85504K, 67% used [0x00000000f4c00000,0x00000000f8487cd0,0x00000000f9f80000)
  to   space 93696K, 0% used [0x00000000ee880000,0x00000000ee880000,0x00000000f4400000)
 ParOldGen       total 263168K, used 147733K [0x0000000080000000, 0x0000000090100000, 0x00000000d5580000)
  object space 263168K, 56% used [0x0000000080000000,0x0000000089045550,0x0000000090100000)
 Metaspace       used 105144K, capacity 110294K, committed 110888K, reserved 1144832K
  class space    used 13666K, capacity 14682K, committed 14888K, reserved 1048576K
}
Event: 1384.451 GC heap before
{Heap before GC invocations=28 (full 5):
 PSYoungGen      total 498176K, used 470559K [0x00000000d5580000, 0x00000000f9f80000, 0x0000000100000000)
  eden space 412672K, 100% used [0x00000000d5580000,0x00000000ee880000,0x00000000ee880000)
  from space 85504K, 67% used [0x00000000f4c00000,0x00000000f8487cd0,0x00000000f9f80000)
  to   space 93696K, 0% used [0x00000000ee880000,0x00000000ee880000,0x00000000f4400000)
 ParOldGen       total 263168K, used 147733K [0x0000000080000000, 0x0000000090100000, 0x00000000d5580000)
  object space 263168K, 56% used [0x0000000080000000,0x0000000089045550,0x0000000090100000)
 Metaspace       used 105444K, capacity 110642K, committed 111144K, reserved 1144832K
  class space    used 13690K, capacity 14726K, committed 14888K, reserved 1048576K
Event: 1384.610 GC heap after
Heap after GC invocations=28 (full 5):
 PSYoungGen      total 506368K, used 32018K [0x00000000d5580000, 0x00000000fd580000, 0x0000000100000000)
  eden space 412672K, 0% used [0x00000000d5580000,0x00000000d5580000,0x00000000ee880000)
  from space 93696K, 34% used [0x00000000ee880000,0x00000000f07c4a98,0x00000000f4400000)
  to   space 88064K, 0% used [0x00000000f7f80000,0x00000000f7f80000,0x00000000fd580000)
 ParOldGen       total 263168K, used 147741K [0x0000000080000000, 0x0000000090100000, 0x00000000d5580000)
  object space 263168K, 56% used [0x0000000080000000,0x0000000089047550,0x0000000090100000)
 Metaspace       used 105444K, capacity 110642K, committed 111144K, reserved 1144832K
  class space    used 13690K, capacity 14726K, committed 14888K, reserved 1048576K
}
Event: 1416.695 GC heap before
{Heap before GC invocations=29 (full 5):
 PSYoungGen      total 506368K, used 444690K [0x00000000d5580000, 0x00000000fd580000, 0x0000000100000000)
  eden space 412672K, 100% used [0x00000000d5580000,0x00000000ee880000,0x00000000ee880000)
  from space 93696K, 34% used [0x00000000ee880000,0x00000000f07c4a98,0x00000000f4400000)
  to   space 88064K, 0% used [0x00000000f7f80000,0x00000000f7f80000,0x00000000fd580000)
 ParOldGen       total 263168K, used 147741K [0x0000000080000000, 0x0000000090100000, 0x00000000d5580000)
  object space 263168K, 56% used [0x0000000080000000,0x0000000089047550,0x0000000090100000)
 Metaspace       used 105700K, capacity 111028K, committed 111400K, reserved 1146880K
  class space    used 13700K, capacity 14745K, committed 14888K, reserved 1048576K
Event: 1416.763 GC heap after
Heap after GC invocations=29 (full 5):
 PSYoungGen      total 540672K, used 24709K [0x00000000d5580000, 0x00000000fc500000, 0x0000000100000000)
  eden space 469504K, 0% used [0x00000000d5580000,0x00000000d5580000,0x00000000f2000000)
  from space 71168K, 34% used [0x00000000f7f80000,0x00000000f97a1650,0x00000000fc500000)
  to   space 84480K, 0% used [0x00000000f2000000,0x00000000f2000000,0x00000000f7280000)
 ParOldGen       total 263168K, used 147749K [0x0000000080000000, 0x0000000090100000, 0x00000000d5580000)
  object space 263168K, 56% used [0x0000000080000000,0x0000000089049550,0x0000000090100000)
 Metaspace       used 105700K, capacity 111028K, committed 111400K, reserved 1146880K
  class space    used 13700K, capacity 14745K, committed 14888K, reserved 1048576K
}
Event: 1427.981 GC heap before
{Heap before GC invocations=30 (full 5):
 PSYoungGen      total 540672K, used 494213K [0x00000000d5580000, 0x00000000fc500000, 0x0000000100000000)
  eden space 469504K, 100% used [0x00000000d5580000,0x00000000f2000000,0x00000000f2000000)
  from space 71168K, 34% used [0x00000000f7f80000,0x00000000f97a1650,0x00000000fc500000)
  to   space 84480K, 0% used [0x00000000f2000000,0x00000000f2000000,0x00000000f7280000)
 ParOldGen       total 263168K, used 147749K [0x0000000080000000, 0x0000000090100000, 0x00000000d5580000)
  object space 263168K, 56% used [0x0000000080000000,0x0000000089049550,0x0000000090100000)
 Metaspace       used 105824K, capacity 111254K, committed 111656K, reserved 1146880K
  class space    used 13702K, capacity 14746K, committed 14888K, reserved 1048576K
Event: 1428.446 GC heap after
Heap after GC invocations=30 (full 5):
 PSYoungGen      total 553984K, used 84450K [0x00000000d5580000, 0x0000000100000000, 0x0000000100000000)
  eden space 469504K, 0% used [0x00000000d5580000,0x00000000d5580000,0x00000000f2000000)
  from space 84480K, 99% used [0x00000000f2000000,0x00000000f7278838,0x00000000f7280000)
  to   space 104448K, 0% used [0x00000000f9a00000,0x00000000f9a00000,0x0000000100000000)
 ParOldGen       total 263168K, used 164485K [0x0000000080000000, 0x0000000090100000, 0x00000000d5580000)
  object space 263168K, 62% used [0x0000000080000000,0x000000008a0a1798,0x0000000090100000)
 Metaspace       used 105824K, capacity 111254K, committed 111656K, reserved 1146880K
  class space    used 13702K, capacity 14746K, committed 14888K, reserved 1048576K
}
Event: 1652.711 GC heap before
{Heap before GC invocations=31 (full 5):
 PSYoungGen      total 553984K, used 553954K [0x00000000d5580000, 0x0000000100000000, 0x0000000100000000)
  eden space 469504K, 100% used [0x00000000d5580000,0x00000000f2000000,0x00000000f2000000)
  from space 84480K, 99% used [0x00000000f2000000,0x00000000f7278838,0x00000000f7280000)
  to   space 104448K, 0% used [0x00000000f9a00000,0x00000000f9a00000,0x0000000100000000)
 ParOldGen       total 263168K, used 164485K [0x0000000080000000, 0x0000000090100000, 0x00000000d5580000)
  object space 263168K, 62% used [0x0000000080000000,0x000000008a0a1798,0x0000000090100000)
 Metaspace       used 106577K, capacity 112350K, committed 112424K, reserved 1146880K
  class space    used 13779K, capacity 14884K, committed 14888K, reserved 1048576K
Event: 1658.157 GC heap after
Heap after GC invocations=31 (full 5):
 PSYoungGen      total 599552K, used 31656K [0x00000000d5580000, 0x0000000100000000, 0x0000000100000000)
  eden space 495104K, 0% used [0x00000000d5580000,0x00000000d5580000,0x00000000f3900000)
  from space 104448K, 30% used [0x00000000f9a00000,0x00000000fb8ea378,0x0000000100000000)
  to   space 99328K, 0% used [0x00000000f3900000,0x00000000f3900000,0x00000000f9a00000)
 ParOldGen       total 263168K, used 164493K [0x0000000080000000, 0x0000000090100000, 0x00000000d5580000)
  object space 263168K, 62% used [0x0000000080000000,0x000000008a0a3798,0x0000000090100000)
 Metaspace       used 106577K, capacity 112350K, committed 112424K, reserved 1146880K
  class space    used 13779K, capacity 14884K, committed 14888K, reserved 1048576K
}

